<?xml version="1.0" encoding="UTF-8"?>
<testsuite xmlns:xsi="http://www.w3.org/2001/XMLSchema-instance" xsi:schemaLocation="https://maven.apache.org/surefire/maven-surefire-plugin/xsd/surefire-test-report.xsd" name="spring.restApi.demo.DemoApplicationTests" time="0.281" tests="1" errors="1" skipped="0" failures="0">
  <properties>
[...]
</properties>
  <testcase name="initializationError" classname="spring.restApi.demo.DemoApplicationTests" time="0.005">
    <error message="Unable to find a @SpringBootConfiguration, you need to use @ContextConfiguration or @SpringBootTest(classes=...) with your test" type="java.lang.IllegalStateException">java.lang.IllegalStateException: Unable to find a @SpringBootConfiguration, you need to use @ContextConfiguration or @SpringBootTest(classes=...) with your test
</error>
    <system-out><![CDATA[03:52:15.463 [main] DEBUG org.springframework.test.context.junit4.SpringJUnit4ClassRunner - SpringJUnit4ClassRunner constructor called with [class spring.restApi.demo.DemoApplicationTests]
03:52:15.469 [main] DEBUG org.springframework.test.context.BootstrapUtils - Instantiating CacheAwareContextLoaderDelegate from class [org.springframework.test.context.cache.DefaultCacheAwareContextLoaderDelegate]
03:52:15.477 [main] DEBUG org.springframework.test.context.BootstrapUtils - Instantiating BootstrapContext using constructor [public org.springframework.test.context.support.DefaultBootstrapContext(java.lang.Class,org.springframework.test.context.CacheAwareContextLoaderDelegate)]
03:52:15.492 [main] DEBUG org.springframework.test.context.BootstrapUtils - Instantiating TestContextBootstrapper for test class [spring.restApi.demo.DemoApplicationTests] from class [org.springframework.boot.test.context.SpringBootTestContextBootstrapper]
03:52:15.505 [main] INFO org.springframework.boot.test.context.SpringBootTestContextBootstrapper - Neither @ContextConfiguration nor @ContextHierarchy found for test class [spring.restApi.demo.DemoApplicationTests], using SpringBootContextLoader
03:52:15.509 [main] DEBUG org.springframework.test.context.support.AbstractContextLoader - Did not detect default resource location for test class [spring.restApi.demo.DemoApplicationTests]: class path resource [spring/restApi/demo/DemoApplicationTests-context.xml] does not exist
03:52:15.509 [main] DEBUG org.springframework.test.context.support.AbstractContextLoader - Did not detect default resource location for test class [spring.restApi.demo.DemoApplicationTests]: class path resource [spring/restApi/demo/DemoApplicationTestsContext.groovy] does not exist
03:52:15.509 [main] INFO org.springframework.test.context.support.AbstractContextLoader - Could not detect default resource locations for test class [spring.restApi.demo.DemoApplicationTests]: no resource found for suffixes {-context.xml, Context.groovy}.
03:52:15.510 [main] INFO org.springframework.test.context.support.AnnotationConfigContextLoaderUtils - Could not detect default configuration classes for test class [spring.restApi.demo.DemoApplicationTests]: DemoApplicationTests does not declare any static, non-private, non-final, nested classes annotated with @Configuration.
03:52:15.549 [main] DEBUG org.springframework.test.context.support.ActiveProfilesUtils - Could not find an 'annotation declaring class' for annotation type [org.springframework.test.context.ActiveProfiles] and class [spring.restApi.demo.DemoApplicationTests]
03:52:15.556 [main] DEBUG org.springframework.core.env.StandardEnvironment - Adding [systemProperties] PropertySource with lowest search precedence
03:52:15.558 [main] DEBUG org.springframework.core.env.StandardEnvironment - Adding [systemEnvironment] PropertySource with lowest search precedence
03:52:15.558 [main] DEBUG org.springframework.core.env.StandardEnvironment - Initialized StandardEnvironment with PropertySources [systemProperties,systemEnvironment]
03:52:15.576 [main] DEBUG org.springframework.core.io.support.PathMatchingResourcePatternResolver - Resolved classpath location [spring/restApi/demo/] to resources [URL [file:/D:/WorkSpace/Ide-Spring-3.8.4/workspace/subscriptiontRestApi/target/test-classes/spring/restApi/demo/]]
03:52:15.577 [main] DEBUG org.springframework.core.io.support.PathMatchingResourcePatternResolver - Looking for matching resources in directory tree [D:\WorkSpace\Ide-Spring-3.8.4\workspace\subscriptiontRestApi\target\test-classes\spring\restApi\demo]
03:52:15.577 [main] DEBUG org.springframework.core.io.support.PathMatchingResourcePatternResolver - Searching directory [D:\WorkSpace\Ide-Spring-3.8.4\workspace\subscriptiontRestApi\target\test-classes\spring\restApi\demo] for files matching pattern [D:/WorkSpace/Ide-Spring-3.8.4/workspace/subscriptiontRestApi/target/test-classes/spring/restApi/demo/*.class]
03:52:15.580 [main] DEBUG org.springframework.core.io.support.PathMatchingResourcePatternResolver - Resolved location pattern [classpath*:spring/restApi/demo/*.class] to resources [file [D:\WorkSpace\Ide-Spring-3.8.4\workspace\subscriptiontRestApi\target\test-classes\spring\restApi\demo\DemoApplicationTests.class]]
03:52:15.593 [main] DEBUG org.springframework.core.io.support.PathMatchingResourcePatternResolver - Resolved classpath location [spring/restApi/] to resources [URL [file:/D:/WorkSpace/Ide-Spring-3.8.4/workspace/subscriptiontRestApi/target/test-classes/spring/restApi/]]
03:52:15.594 [main] DEBUG org.springframework.core.io.support.PathMatchingResourcePatternResolver - Looking for matching resources in directory tree [D:\WorkSpace\Ide-Spring-3.8.4\workspace\subscriptiontRestApi\target\test-classes\spring\restApi]
03:52:15.594 [main] DEBUG org.springframework.core.io.support.PathMatchingResourcePatternResolver - Searching directory [D:\WorkSpace\Ide-Spring-3.8.4\workspace\subscriptiontRestApi\target\test-classes\spring\restApi] for files matching pattern [D:/WorkSpace/Ide-Spring-3.8.4/workspace/subscriptiontRestApi/target/test-classes/spring/restApi/*.class]
03:52:15.594 [main] DEBUG org.springframework.core.io.support.PathMatchingResourcePatternResolver - Resolved location pattern [classpath*:spring/restApi/*.class] to resources []
03:52:15.594 [main] DEBUG org.springframework.core.io.support.PathMatchingResourcePatternResolver - Resolved classpath location [spring/] to resources [URL [file:/D:/WorkSpace/Ide-Spring-3.8.4/workspace/subscriptiontRestApi/target/test-classes/spring/]]
03:52:15.595 [main] DEBUG org.springframework.core.io.support.PathMatchingResourcePatternResolver - Looking for matching resources in directory tree [D:\WorkSpace\Ide-Spring-3.8.4\workspace\subscriptiontRestApi\target\test-classes\spring]
03:52:15.595 [main] DEBUG org.springframework.core.io.support.PathMatchingResourcePatternResolver - Searching directory [D:\WorkSpace\Ide-Spring-3.8.4\workspace\subscriptiontRestApi\target\test-classes\spring] for files matching pattern [D:/WorkSpace/Ide-Spring-3.8.4/workspace/subscriptiontRestApi/target/test-classes/spring/*.class]
03:52:15.595 [main] DEBUG org.springframework.core.io.support.PathMatchingResourcePatternResolver - Resolved location pattern [classpath*:spring/*.class] to resources []
]]></system-out>
  </testcase>
</testsuite>